#
# A fatal error has been detected by the Java Runtime Environment:
#
#  EXCEPTION_ACCESS_VIOLATION (0xc0000005) at pc=0x0000000059ce4409, pid=2192, tid=4648
#
# JRE version: Java(TM) SE Runtime Environment (8.0_25-b18) (build 1.8.0_25-b18)
# Java VM: Java HotSpot(TM) 64-Bit Server VM (25.25-b02 mixed mode windows-amd64 compressed oops)
# Problematic frame:
# C  [atio6axx.dll+0x54409]
#
# Failed to write core dump. Minidumps are not enabled by default on client versions of Windows
#
# If you would like to submit a bug report, please visit:
#   http://bugreport.sun.com/bugreport/crash.jsp
# The crash happened outside the Java Virtual Machine in native code.
# See problematic frame for where to report the bug.
#

---------------  T H R E A D  ---------------

Current thread (0x0000000055ff6800):  JavaThread "AWT-EventQueue-0" [_thread_in_native, id=4648, stack(0x0000000056af0000,0x0000000056bf0000)]

siginfo: ExceptionCode=0xc0000005, writing address 0x0000000054f59004

Registers:
RAX=0x0000000000000000, RBX=0x0000000000000000, RCX=0x0000000000000c00, RDX=0x0000000000000001
RSP=0x0000000056bebbd0, RBP=0x000000005ac3fcb8, RSI=0x000000005ab67900, RDI=0x000000005ac3fcb0
R8 =0x0000000004014c00, R9 =0x0000000054f59004, R10=0x000000005ada1270, R11=0x000000005ad63960
R12=0x0000000000000007, R13=0x0000000000000607, R14=0x0000000000004ed0, R15=0x0000000000000004
RIP=0x0000000059ce4409, EFLAGS=0x0000000000010246

Top of Stack: (sp=0x0000000056bebbd0)
0x0000000056bebbd0:   0000000000000000 0000000000000001
0x0000000056bebbe0:   0000000000010000 0000000000000000
0x0000000056bebbf0:   0000000000000000 0000000000000000
0x0000000056bebc00:   0000000000000000 0000000000000000
0x0000000056bebc10:   0000000000000000 0000000000000000
0x0000000056bebc20:   0000000000000000 0000000000000000
0x0000000056bebc30:   0000000000000000 0000000000000000
0x0000000056bebc40:   0000000000000000 0000000000000000
0x0000000056bebc50:   0000000000000000 0000000000000000
0x0000000056bebc60:   0000000000000000 0000000000000000
0x0000000056bebc70:   0000000000000000 0000000000000000
0x0000000056bebc80:   0000000000000000 0000000000000000
0x0000000056bebc90:   0000000000000000 0000000000000000
0x0000000056bebca0:   0000000000000000 0000000000000000
0x0000000056bebcb0:   0000000000000000 0000000000000000
0x0000000056bebcc0:   0000000000000000 0000000000000000 

Instructions: (pc=0x0000000059ce4409)
0x0000000059ce43e9:   8b c8 83 e1 02 25 3c 10 00 00 0b c1 41 8b c8 81
0x0000000059ce43f9:   e1 00 0c 00 00 d1 e8 81 f9 00 0c 00 00 0f 94 c2
0x0000000059ce4409:   41 81 21 00 00 00 ff 41 c1 e8 0e 83 e2 01 41 81
0x0000000059ce4419:   e0 ff fd 03 00 45 09 01 c1 e2 0f 0b c2 41 89 41 


Register to memory mapping:

RAX=0x0000000000000000 is an unknown value
RBX=0x0000000000000000 is an unknown value
RCX=0x0000000000000c00 is an unknown value
RDX=0x0000000000000001 is an unknown value
RSP=0x0000000056bebbd0 is pointing into the stack for thread: 0x0000000055ff6800
RBP=0x000000005ac3fcb8 is an unknown value
RSI=0x000000005ab67900 is an unknown value
RDI=0x000000005ac3fcb0 is an unknown value
R8 =0x0000000004014c00 is an unknown value
R9 =0x0000000054f59004 is an unknown value
R10=0x000000005ada1270 is an unknown value
R11=0x000000005ad63960 is an unknown value
R12=0x0000000000000007 is an unknown value
R13=0x0000000000000607 is an unknown value
R14=0x0000000000004ed0 is an unknown value
R15=0x0000000000000004 is an unknown value


Stack: [0x0000000056af0000,0x0000000056bf0000],  sp=0x0000000056bebbd0,  free space=1006k
Native frames: (J=compiled Java code, j=interpreted, Vv=VM code, C=native code)
C  [atio6axx.dll+0x54409]
C  [atio6axx.dll+0xc5889]
C  [atio6axx.dll+0xc2c98]
C  [atio6axx.dll+0xc216b]
C  [atio6axx.dll+0x9f6263]
C  [atio6axx.dll+0xa489c]
C  [atio6axx.dll+0xaaea8]
C  [atio6axx.dll+0x9f80e]
C  [atio6axx.dll+0x6ab217]
C  [atio6axx.dll+0x6a258d]
C  [atio6axx.dll+0x66df0a]
C  [atio6axx.dll+0x66de54]
C  [atio6axx.dll+0x1f2a74]
C  [atio6axx.dll+0x5f10a2]
C  0x0000000002653874

Java frames: (J=compiled Java code, j=interpreted, Vv=VM code)
j  org.lwjgl.opengl.GL15.nglBufferData(IJJIJ)V+0
j  org.lwjgl.opengl.GL15.glBufferData(ILjava/nio/FloatBuffer;I)V+34
J 665% C2 Chunk.RebuildMesh(FFF)V (231 bytes) @ 0x00000000028a2dd0 [0x00000000028a2580+0x850]
J 635% C1 Chunk.<init>(III)V (221 bytes) @ 0x000000000289420c [0x00000000028935c0+0xc4c]
j  GameVBO.Run()V+8
j  GameVBO.Start()V+9
j  MainJFrame.jButton1ActionPerformed(Ljava/awt/event/ActionEvent;)V+9
j  MainJFrame.access$200(LMainJFrame;Ljava/awt/event/ActionEvent;)V+2
j  MainJFrame$3.actionPerformed(Ljava/awt/event/ActionEvent;)V+5
j  javax.swing.AbstractButton.fireActionPerformed(Ljava/awt/event/ActionEvent;)V+83
j  javax.swing.AbstractButton$Handler.actionPerformed(Ljava/awt/event/ActionEvent;)V+5
j  javax.swing.DefaultButtonModel.fireActionPerformed(Ljava/awt/event/ActionEvent;)V+34
j  javax.swing.DefaultButtonModel.setPressed(Z)V+117
j  javax.swing.plaf.basic.BasicButtonListener.mouseReleased(Ljava/awt/event/MouseEvent;)V+35
j  java.awt.Component.processMouseEvent(Ljava/awt/event/MouseEvent;)V+64
j  javax.swing.JComponent.processMouseEvent(Ljava/awt/event/MouseEvent;)V+23
j  java.awt.Component.processEvent(Ljava/awt/AWTEvent;)V+81
j  java.awt.Container.processEvent(Ljava/awt/AWTEvent;)V+18
j  java.awt.Component.dispatchEventImpl(Ljava/awt/AWTEvent;)V+589
j  java.awt.Container.dispatchEventImpl(Ljava/awt/AWTEvent;)V+42
j  java.awt.Component.dispatchEvent(Ljava/awt/AWTEvent;)V+2
j  java.awt.LightweightDispatcher.retargetMouseEvent(Ljava/awt/Component;ILjava/awt/event/MouseEvent;)V+327
j  java.awt.LightweightDispatcher.processMouseEvent(Ljava/awt/event/MouseEvent;)Z+143
j  java.awt.LightweightDispatcher.dispatchEvent(Ljava/awt/AWTEvent;)Z+50
j  java.awt.Container.dispatchEventImpl(Ljava/awt/AWTEvent;)V+12
j  java.awt.Window.dispatchEventImpl(Ljava/awt/AWTEvent;)V+19
j  java.awt.Component.dispatchEvent(Ljava/awt/AWTEvent;)V+2
j  java.awt.EventQueue.dispatchEventImpl(Ljava/awt/AWTEvent;Ljava/lang/Object;)V+41
j  java.awt.EventQueue.access$400(Ljava/awt/EventQueue;Ljava/awt/AWTEvent;Ljava/lang/Object;)V+3
j  java.awt.EventQueue$3.run()Ljava/lang/Void;+32
j  java.awt.EventQueue$3.run()Ljava/lang/Object;+1
v  ~StubRoutines::call_stub
j  java.security.AccessController.doPrivileged(Ljava/security/PrivilegedAction;Ljava/security/AccessControlContext;)Ljava/lang/Object;+0
j  java.security.ProtectionDomain$1.doIntersectionPrivilege(Ljava/security/PrivilegedAction;Ljava/security/AccessControlContext;Ljava/security/AccessControlContext;)Ljava/lang/Object;+28
j  java.security.ProtectionDomain$1.doIntersectionPrivilege(Ljava/security/PrivilegedAction;Ljava/security/AccessControlContext;)Ljava/lang/Object;+6
j  java.awt.EventQueue$4.run()Ljava/lang/Void;+11
j  java.awt.EventQueue$4.run()Ljava/lang/Object;+1
v  ~StubRoutines::call_stub
j  java.security.AccessController.doPrivileged(Ljava/security/PrivilegedAction;Ljava/security/AccessControlContext;)Ljava/lang/Object;+0
j  java.security.ProtectionDomain$1.doIntersectionPrivilege(Ljava/security/PrivilegedAction;Ljava/security/AccessControlContext;Ljava/security/AccessControlContext;)Ljava/lang/Object;+28
j  java.awt.EventQueue.dispatchEvent(Ljava/awt/AWTEvent;)V+73
j  java.awt.EventDispatchThread.pumpOneEventForFilters(I)V+245
j  java.awt.EventDispatchThread.pumpEventsForFilter(ILjava/awt/Conditional;Ljava/awt/EventFilter;)V+35
j  java.awt.EventDispatchThread.pumpEventsForHierarchy(ILjava/awt/Conditional;Ljava/awt/Component;)V+11
j  java.awt.EventDispatchThread.pumpEvents(ILjava/awt/Conditional;)V+4
j  java.awt.EventDispatchThread.pumpEvents(Ljava/awt/Conditional;)V+3
j  java.awt.EventDispatchThread.run()V+9
v  ~StubRoutines::call_stub

---------------  P R O C E S S  ---------------

Java Threads: ( => current thread )
  0x0000000058e2a000 JavaThread "D3D Screen Updater" daemon [_thread_blocked, id=3408, stack(0x0000000059a90000,0x0000000059b90000)]
  0x00000000020ee000 JavaThread "DestroyJavaVM" [_thread_blocked, id=6520, stack(0x0000000002270000,0x0000000002370000)]
=>0x0000000055ff6800 JavaThread "AWT-EventQueue-0" [_thread_in_native, id=4648, stack(0x0000000056af0000,0x0000000056bf0000)]
  0x0000000055f86800 JavaThread "AWT-Windows" daemon [_thread_in_native, id=6680, stack(0x0000000055a30000,0x0000000055b30000)]
  0x0000000055f82000 JavaThread "AWT-Shutdown" [_thread_blocked, id=2456, stack(0x00000000561d0000,0x00000000562d0000)]
  0x0000000055f81000 JavaThread "Java2D Disposer" daemon [_thread_blocked, id=5136, stack(0x0000000056060000,0x0000000056160000)]
  0x0000000054572000 JavaThread "Service Thread" daemon [_thread_blocked, id=1196, stack(0x00000000558e0000,0x00000000559e0000)]
  0x000000005451c800 JavaThread "C1 CompilerThread1" daemon [_thread_blocked, id=4960, stack(0x0000000055620000,0x0000000055720000)]
  0x000000005451a000 JavaThread "C2 CompilerThread0" daemon [_thread_blocked, id=6652, stack(0x0000000055720000,0x0000000055820000)]
  0x0000000054518800 JavaThread "Attach Listener" daemon [_thread_blocked, id=7084, stack(0x00000000554f0000,0x00000000555f0000)]
  0x0000000054517000 JavaThread "Signal Dispatcher" daemon [_thread_blocked, id=6980, stack(0x00000000552c0000,0x00000000553c0000)]
  0x00000000544bb800 JavaThread "Finalizer" daemon [_thread_blocked, id=3424, stack(0x0000000054f60000,0x0000000055060000)]
  0x00000000544b0800 JavaThread "Reference Handler" daemon [_thread_blocked, id=7044, stack(0x0000000055080000,0x0000000055180000)]

Other Threads:
  0x00000000544aa800 VMThread [stack: 0x0000000054e40000,0x0000000054f40000] [id=6116]
  0x0000000054575000 WatcherThread [stack: 0x0000000055b40000,0x0000000055c40000] [id=6888]

VM state:not at safepoint (normal execution)

VM Mutex/Monitor currently owned by a thread: None

Heap:
 PSYoungGen      total 56832K, used 14776K [0x00000000eeb00000, 0x00000000f5b00000, 0x0000000100000000)
  eden space 53248K, 27% used [0x00000000eeb00000,0x00000000ef96e2f8,0x00000000f1f00000)
  from space 3584K, 0% used [0x00000000f1f00000,0x00000000f1f00000,0x00000000f2280000)
  to   space 4096K, 0% used [0x00000000f5700000,0x00000000f5700000,0x00000000f5b00000)
 ParOldGen       total 35840K, used 3746K [0x00000000cc000000, 0x00000000ce300000, 0x00000000eeb00000)
  object space 35840K, 10% used [0x00000000cc000000,0x00000000cc3a8b40,0x00000000ce300000)
 Metaspace       used 11742K, capacity 11869K, committed 12032K, reserved 1060864K
  class space    used 1448K, capacity 1507K, committed 1536K, reserved 1048576K

Card table byte_map: [0x0000000011a00000,0x0000000011bb0000] byte_map_base: 0x00000000113a0000

Marking Bits: (ParMarkBitMap*) 0x000000006a09d490
 Begin Bits: [0x0000000011fe0000, 0x0000000012ce0000)
 End Bits:   [0x0000000012ce0000, 0x00000000139e0000)

Polling page: 0x0000000002060000

CodeCache: size=245760Kb used=2443Kb max_used=2450Kb free=243316Kb
 bounds [0x0000000002640000, 0x00000000028b0000, 0x0000000011640000]
 total_blobs=1234 nmethods=666 adapters=483
 compilation: enabled

Compilation events (10 events):
Event: 9.469 Thread 0x000000005451c800  660       3       java.nio.DirectByteBuffer$Deallocator::run (37 bytes)
Event: 9.469 Thread 0x000000005451c800 nmethod 660 0x000000000289fd50 code [0x000000000289fec0, 0x00000000028a0198]
Event: 9.471 Thread 0x000000005451c800  663       3       sun.misc.VM::addFinalRefCount (24 bytes)
Event: 9.471 Thread 0x000000005451c800 nmethod 663 0x000000000289f650 code [0x000000000289f7a0, 0x000000000289f950]
Event: 9.472 Thread 0x000000005451c800  664   !   3       java.util.zip.ZipFile$ZipFileInputStream::close (110 bytes)
Event: 9.473 Thread 0x000000005451c800 nmethod 664 0x000000000289e910 code [0x000000000289eac0, 0x000000000289f2b8]
Event: 9.583 Thread 0x000000005451a000  665 %     4       Chunk::RebuildMesh @ 67 (231 bytes)
Event: 9.620 Thread 0x000000005451a000 nmethod 665% 0x00000000028a2310 code [0x00000000028a2580, 0x00000000028a3200]
Event: 9.621 Thread 0x000000005451a000  666       4       Chunk::RebuildMesh (231 bytes)
Event: 9.656 Thread 0x000000005451a000 nmethod 666 0x00000000028a5590 code [0x00000000028a5820, 0x00000000028a66a8]

GC Heap History (10 events):
Event: 9.609 GC heap before
{Heap before GC invocations=3 (full 0):
 PSYoungGen      total 15360K, used 15360K [0x00000000eeb00000, 0x00000000f0900000, 0x0000000100000000)
  eden space 13312K, 100% used [0x00000000eeb00000,0x00000000ef800000,0x00000000ef800000)
  from space 2048K, 100% used [0x00000000efa00000,0x00000000efc00000,0x00000000efc00000)
  to   space 2048K, 0% used [0x00000000ef800000,0x00000000ef800000,0x00000000efa00000)
 ParOldGen       total 35840K, used 1710K [0x00000000cc000000, 0x00000000ce300000, 0x00000000eeb00000)
  object space 35840K, 4% used [0x00000000cc000000,0x00000000cc1abb28,0x00000000ce300000)
 Metaspace       used 11742K, capacity 11869K, committed 12032K, reserved 1060864K
  class space    used 1448K, capacity 1507K, committed 1536K, reserved 1048576K
Event: 9.618 GC heap after
Heap after GC invocations=3 (full 0):
 PSYoungGen      total 15360K, used 2048K [0x00000000eeb00000, 0x00000000f0900000, 0x0000000100000000)
  eden space 13312K, 0% used [0x00000000eeb00000,0x00000000eeb00000,0x00000000ef800000)
  from space 2048K, 100% used [0x00000000ef800000,0x00000000efa00000,0x00000000efa00000)
  to   space 2048K, 0% used [0x00000000f0700000,0x00000000f0700000,0x00000000f0900000)
 ParOldGen       total 35840K, used 1710K [0x00000000cc000000, 0x00000000ce300000, 0x00000000eeb00000)
  object space 35840K, 4% used [0x00000000cc000000,0x00000000cc1abb28,0x00000000ce300000)
 Metaspace       used 11742K, capacity 11869K, committed 12032K, reserved 1060864K
  class space    used 1448K, capacity 1507K, committed 1536K, reserved 1048576K
}
Event: 9.641 GC heap before
{Heap before GC invocations=4 (full 0):
 PSYoungGen      total 15360K, used 15360K [0x00000000eeb00000, 0x00000000f0900000, 0x0000000100000000)
  eden space 13312K, 100% used [0x00000000eeb00000,0x00000000ef800000,0x00000000ef800000)
  from space 2048K, 100% used [0x00000000ef800000,0x00000000efa00000,0x00000000efa00000)
  to   space 2048K, 0% used [0x00000000f0700000,0x00000000f0700000,0x00000000f0900000)
 ParOldGen       total 35840K, used 1710K [0x00000000cc000000, 0x00000000ce300000, 0x00000000eeb00000)
  object space 35840K, 4% used [0x00000000cc000000,0x00000000cc1abb28,0x00000000ce300000)
 Metaspace       used 11742K, capacity 11869K, committed 12032K, reserved 1060864K
  class space    used 1448K, capacity 1507K, committed 1536K, reserved 1048576K
Event: 9.654 GC heap after
Heap after GC invocations=4 (full 0):
 PSYoungGen      total 28672K, used 2048K [0x00000000eeb00000, 0x00000000f0900000, 0x0000000100000000)
  eden space 26624K, 0% used [0x00000000eeb00000,0x00000000eeb00000,0x00000000f0500000)
  from space 2048K, 100% used [0x00000000f0700000,0x00000000f0900000,0x00000000f0900000)
  to   space 2048K, 0% used [0x00000000f0500000,0x00000000f0500000,0x00000000f0700000)
 ParOldGen       total 35840K, used 1710K [0x00000000cc000000, 0x00000000ce300000, 0x00000000eeb00000)
  object space 35840K, 4% used [0x00000000cc000000,0x00000000cc1abb28,0x00000000ce300000)
 Metaspace       used 11742K, capacity 11869K, committed 12032K, reserved 1060864K
  class space    used 1448K, capacity 1507K, committed 1536K, reserved 1048576K
}
Event: 9.705 GC heap before
{Heap before GC invocations=5 (full 0):
 PSYoungGen      total 28672K, used 28672K [0x00000000eeb00000, 0x00000000f0900000, 0x0000000100000000)
  eden space 26624K, 100% used [0x00000000eeb00000,0x00000000f0500000,0x00000000f0500000)
  from space 2048K, 100% used [0x00000000f0700000,0x00000000f0900000,0x00000000f0900000)
  to   space 2048K, 0% used [0x00000000f0500000,0x00000000f0500000,0x00000000f0700000)
 ParOldGen       total 35840K, used 1710K [0x00000000cc000000, 0x00000000ce300000, 0x00000000eeb00000)
  object space 35840K, 4% used [0x00000000cc000000,0x00000000cc1abb28,0x00000000ce300000)
 Metaspace       used 11742K, capacity 11869K, committed 12032K, reserved 1060864K
  class space    used 1448K, capacity 1507K, committed 1536K, reserved 1048576K
Event: 9.714 GC heap after
Heap after GC invocations=5 (full 0):
 PSYoungGen      total 28672K, used 2048K [0x00000000eeb00000, 0x00000000f2700000, 0x0000000100000000)
  eden space 26624K, 0% used [0x00000000eeb00000,0x00000000eeb00000,0x00000000f0500000)
  from space 2048K, 100% used [0x00000000f0500000,0x00000000f0700000,0x00000000f0700000)
  to   space 4096K, 0% used [0x00000000f2300000,0x00000000f2300000,0x00000000f2700000)
 ParOldGen       total 35840K, used 1710K [0x00000000cc000000, 0x00000000ce300000, 0x00000000eeb00000)
  object space 35840K, 4% used [0x00000000cc000000,0x00000000cc1abb28,0x00000000ce300000)
 Metaspace       used 11742K, capacity 11869K, committed 12032K, reserved 1060864K
  class space    used 1448K, capacity 1507K, committed 1536K, reserved 1048576K
}
Event: 9.755 GC heap before
{Heap before GC invocations=6 (full 0):
 PSYoungGen      total 28672K, used 28672K [0x00000000eeb00000, 0x00000000f2700000, 0x0000000100000000)
  eden space 26624K, 100% used [0x00000000eeb00000,0x00000000f0500000,0x00000000f0500000)
  from space 2048K, 100% used [0x00000000f0500000,0x00000000f0700000,0x00000000f0700000)
  to   space 4096K, 0% used [0x00000000f2300000,0x00000000f2300000,0x00000000f2700000)
 ParOldGen       total 35840K, used 1710K [0x00000000cc000000, 0x00000000ce300000, 0x00000000eeb00000)
  object space 35840K, 4% used [0x00000000cc000000,0x00000000cc1abb28,0x00000000ce300000)
 Metaspace       used 11742K, capacity 11869K, committed 12032K, reserved 1060864K
  class space    used 1448K, capacity 1507K, committed 1536K, reserved 1048576K
Event: 9.763 GC heap after
Heap after GC invocations=6 (full 0):
 PSYoungGen      total 56320K, used 2048K [0x00000000eeb00000, 0x00000000f2600000, 0x0000000100000000)
  eden space 53248K, 0% used [0x00000000eeb00000,0x00000000eeb00000,0x00000000f1f00000)
  from space 3072K, 66% used [0x00000000f2300000,0x00000000f2500000,0x00000000f2600000)
  to   space 3584K, 0% used [0x00000000f1f00000,0x00000000f1f00000,0x00000000f2280000)
 ParOldGen       total 35840K, used 1710K [0x00000000cc000000, 0x00000000ce300000, 0x00000000eeb00000)
  object space 35840K, 4% used [0x00000000cc000000,0x00000000cc1abb28,0x00000000ce300000)
 Metaspace       used 11742K, capacity 11869K, committed 12032K, reserved 1060864K
  class space    used 1448K, capacity 1507K, committed 1536K, reserved 1048576K
}
Event: 9.873 GC heap before
{Heap before GC invocations=7 (full 0):
 PSYoungGen      total 56320K, used 55296K [0x00000000eeb00000, 0x00000000f2600000, 0x0000000100000000)
  eden space 53248K, 100% used [0x00000000eeb00000,0x00000000f1f00000,0x00000000f1f00000)
  from space 3072K, 66% used [0x00000000f2300000,0x00000000f2500000,0x00000000f2600000)
  to   space 3584K, 0% used [0x00000000f1f00000,0x00000000f1f00000,0x00000000f2280000)
 ParOldGen       total 35840K, used 1710K [0x00000000cc000000, 0x00000000ce300000, 0x00000000eeb00000)
  object space 35840K, 4% used [0x00000000cc000000,0x00000000cc1abb28,0x00000000ce300000)
 Metaspace       used 11742K, capacity 11869K, committed 12032K, reserved 1060864K
  class space    used 1448K, capacity 1507K, committed 1536K, reserved 1048576K
Event: 9.948 GC heap after
Heap after GC invocations=7 (full 0):
 PSYoungGen      total 56832K, used 0K [0x00000000eeb00000, 0x00000000f5b00000, 0x0000000100000000)
  eden space 53248K, 0% used [0x00000000eeb00000,0x00000000eeb00000,0x00000000f1f00000)
  from space 3584K, 0% used [0x00000000f1f00000,0x00000000f1f00000,0x00000000f2280000)
  to   space 4096K, 0% used [0x00000000f5700000,0x00000000f5700000,0x00000000f5b00000)
 ParOldGen       total 35840K, used 3746K [0x00000000cc000000, 0x00000000ce300000, 0x00000000eeb00000)
  object space 35840K, 10% used [0x00000000cc000000,0x00000000cc3a8b40,0x00000000ce300000)
 Metaspace       used 11742K, capacity 11869K, committed 12032K, reserved 1060864K
  class space    used 1448K, capacity 1507K, committed 1536K, reserved 1048576K
}

Deoptimization events (0 events):
No events

Internal exceptions (10 events):
Event: 9.024 Thread 0x0000000055ff6800 Exception <a 'java/security/PrivilegedActionException'> (0x00000000ef22aa18) thrown at [D:\re\workspace\8-2-build-windows-amd64-cygwin\jdk8u25\1677\hotspot\src\share\vm\prims\jvm.cpp, line 1312]
Event: 9.104 Thread 0x0000000055ff6800 Exception <a 'java/security/PrivilegedActionException'> (0x00000000ef2aefa8) thrown at [D:\re\workspace\8-2-build-windows-amd64-cygwin\jdk8u25\1677\hotspot\src\share\vm\prims\jvm.cpp, line 1312]
Event: 9.110 Thread 0x0000000055ff6800 Exception <a 'java/security/PrivilegedActionException'> (0x00000000ef2b2040) thrown at [D:\re\workspace\8-2-build-windows-amd64-cygwin\jdk8u25\1677\hotspot\src\share\vm\prims\jvm.cpp, line 1312]
Event: 9.145 Thread 0x0000000055ff6800 Exception <a 'java/security/PrivilegedActionException'> (0x00000000ef2b4a70) thrown at [D:\re\workspace\8-2-build-windows-amd64-cygwin\jdk8u25\1677\hotspot\src\share\vm\prims\jvm.cpp, line 1312]
Event: 9.151 Thread 0x0000000055ff6800 Exception <a 'java/security/PrivilegedActionException'> (0x00000000ef2ba190) thrown at [D:\re\workspace\8-2-build-windows-amd64-cygwin\jdk8u25\1677\hotspot\src\share\vm\prims\jvm.cpp, line 1312]
Event: 9.155 Thread 0x0000000055ff6800 Exception <a 'java/security/PrivilegedActionException'> (0x00000000ef2c6a58) thrown at [D:\re\workspace\8-2-build-windows-amd64-cygwin\jdk8u25\1677\hotspot\src\share\vm\prims\jvm.cpp, line 1312]
Event: 9.158 Thread 0x0000000055ff6800 Exception <a 'java/security/PrivilegedActionException'> (0x00000000ef2caa98) thrown at [D:\re\workspace\8-2-build-windows-amd64-cygwin\jdk8u25\1677\hotspot\src\share\vm\prims\jvm.cpp, line 1312]
Event: 9.159 Thread 0x0000000055ff6800 Exception <a 'java/security/PrivilegedActionException'> (0x00000000ef2d0540) thrown at [D:\re\workspace\8-2-build-windows-amd64-cygwin\jdk8u25\1677\hotspot\src\share\vm\prims\jvm.cpp, line 1312]
Event: 9.161 Thread 0x0000000055ff6800 Exception <a 'java/security/PrivilegedActionException'> (0x00000000ef2d3d60) thrown at [D:\re\workspace\8-2-build-windows-amd64-cygwin\jdk8u25\1677\hotspot\src\share\vm\prims\jvm.cpp, line 1312]
Event: 9.201 Thread 0x0000000055ff6800 Exception <a 'java/security/PrivilegedActionException'> (0x00000000ef3ecf68) thrown at [D:\re\workspace\8-2-build-windows-amd64-cygwin\jdk8u25\1677\hotspot\src\share\vm\prims\jvm.cpp, line 1312]

Events (10 events):
Event: 9.609 Executing VM operation: ParallelGCFailedAllocation
Event: 9.618 Executing VM operation: ParallelGCFailedAllocation done
Event: 9.641 Executing VM operation: ParallelGCFailedAllocation
Event: 9.654 Executing VM operation: ParallelGCFailedAllocation done
Event: 9.705 Executing VM operation: ParallelGCFailedAllocation
Event: 9.714 Executing VM operation: ParallelGCFailedAllocation done
Event: 9.755 Executing VM operation: ParallelGCFailedAllocation
Event: 9.763 Executing VM operation: ParallelGCFailedAllocation done
Event: 9.873 Executing VM operation: ParallelGCFailedAllocation
Event: 9.948 Executing VM operation: ParallelGCFailedAllocation done


Dynamic libraries:
0x000000013f770000 - 0x000000013f7a4000 	C:\Program Files\Java\jdk1.8.0_25\bin\java.exe
0x0000000077bb0000 - 0x0000000077d59000 	C:\Windows\SYSTEM32\ntdll.dll
0x0000000077990000 - 0x0000000077aaf000 	C:\Windows\system32\kernel32.dll
0x000007fefc940000 - 0x000007fefc9ac000 	C:\Windows\system32\KERNELBASE.dll
0x000007fefd030000 - 0x000007fefd10b000 	C:\Windows\system32\ADVAPI32.dll
0x000007fefed50000 - 0x000007fefedef000 	C:\Windows\system32\msvcrt.dll
0x000007fefcf40000 - 0x000007fefcf5f000 	C:\Windows\SYSTEM32\sechost.dll
0x000007fefe970000 - 0x000007fefea9d000 	C:\Windows\system32\RPCRT4.dll
0x0000000077ab0000 - 0x0000000077baa000 	C:\Windows\system32\USER32.dll
0x000007fefd330000 - 0x000007fefd397000 	C:\Windows\system32\GDI32.dll
0x000007fefd3d0000 - 0x000007fefd3de000 	C:\Windows\system32\LPK.dll
0x000007fefcf60000 - 0x000007fefd029000 	C:\Windows\system32\USP10.dll
0x000007fefb480000 - 0x000007fefb674000 	C:\Windows\WinSxS\amd64_microsoft.windows.common-controls_6595b64144ccf1df_6.0.7601.17514_none_fa396087175ac9ac\COMCTL32.dll
0x000007fefedf0000 - 0x000007fefee61000 	C:\Windows\system32\SHLWAPI.dll
0x000007fefd3a0000 - 0x000007fefd3ce000 	C:\Windows\system32\IMM32.DLL
0x000007fefd120000 - 0x000007fefd229000 	C:\Windows\system32\MSCTF.dll
0x000007fefa1d0000 - 0x000007fefa259000 	C:\Program Files (x86)\AVG\AVG2015\avghooka.dll
0x00000000681b0000 - 0x0000000068282000 	C:\Program Files\Java\jdk1.8.0_25\jre\bin\msvcr100.dll
0x00000000698c0000 - 0x000000006a11a000 	C:\Program Files\Java\jdk1.8.0_25\jre\bin\server\jvm.dll
0x000007fefa260000 - 0x000007fefa269000 	C:\Windows\system32\WSOCK32.dll
0x000007fefd570000 - 0x000007fefd5bd000 	C:\Windows\system32\WS2_32.dll
0x000007fefd110000 - 0x000007fefd118000 	C:\Windows\system32\NSI.dll
0x000007fefa350000 - 0x000007fefa38b000 	C:\Windows\system32\WINMM.dll
0x0000000077d80000 - 0x0000000077d87000 	C:\Windows\system32\PSAPI.DLL
0x000000006b7c0000 - 0x000000006b7cf000 	C:\Program Files\Java\jdk1.8.0_25\jre\bin\verify.dll
0x000000006b790000 - 0x000000006b7b8000 	C:\Program Files\Java\jdk1.8.0_25\jre\bin\java.dll
0x000000006b770000 - 0x000000006b786000 	C:\Program Files\Java\jdk1.8.0_25\jre\bin\zip.dll
0x000007fefd990000 - 0x000007fefe718000 	C:\Windows\system32\SHELL32.dll
0x000007fefeaa0000 - 0x000007fefeca3000 	C:\Windows\system32\ole32.dll
0x000007fefc920000 - 0x000007fefc92f000 	C:\Windows\system32\profapi.dll
0x0000000061660000 - 0x00000000617f8000 	C:\Program Files\Java\jdk1.8.0_25\jre\bin\awt.dll
0x000007fefd5c0000 - 0x000007fefd697000 	C:\Windows\system32\OLEAUT32.dll
0x000007fefb2a0000 - 0x000007fefb2f6000 	C:\Windows\system32\uxtheme.dll
0x000007fefae70000 - 0x000007fefae88000 	C:\Windows\system32\dwmapi.dll
0x000007fefc720000 - 0x000007fefc72f000 	C:\Windows\system32\CRYPTBASE.dll
0x0000000061080000 - 0x00000000610c7000 	C:\Program Files\Java\jdk1.8.0_25\jre\bin\fontmanager.dll
0x000007feebcc0000 - 0x000007feebebf000 	C:\Windows\system32\d3d9.dll
0x000007fefb9c0000 - 0x000007fefb9cc000 	C:\Windows\system32\VERSION.dll
0x000007fefa770000 - 0x000007fefa777000 	C:\Windows\system32\d3d8thk.dll
0x000000005e560000 - 0x000000005e948000 	C:\Windows\system32\atiumd64.dll
0x000000005e190000 - 0x000000005e429000 	C:\Windows\system32\atiumd6a.dll
0x0000000065a70000 - 0x0000000065a8a000 	C:\Program Files\Java\jdk1.8.0_25\jre\bin\net.dll
0x000007fefc0c0000 - 0x000007fefc115000 	C:\Windows\system32\mswsock.dll
0x000007fefc0b0000 - 0x000007fefc0b7000 	C:\Windows\System32\wship6.dll
0x0000000065a50000 - 0x0000000065a61000 	C:\Program Files\Java\jdk1.8.0_25\jre\bin\nio.dll
0x0000000060df0000 - 0x0000000060e31000 	C:\Program Files\Java\jdk1.8.0_25\jre\bin\t2k.dll
0x000007fefecb0000 - 0x000007fefed49000 	C:\Windows\system32\CLBCatQ.DLL
0x0000000180000000 - 0x0000000180052000 	C:\Program Files\Elantech\ETDApix.dll
0x000007fef88a0000 - 0x000007fef8911000 	C:\Windows\system32\WINSPOOL.DRV
0x0000000074b10000 - 0x0000000074b3a000 	C:\Program Files\Java\jdk1.8.0_25\jre\bin\dcpr.dll
0x0000000002200000 - 0x0000000002251000 	C:\Users\OJizzle\Desktop\lwjgl\lwjgl-2.9.1\native\windows\lwjgl64.dll
0x000007fef1540000 - 0x000007fef165d000 	C:\Windows\system32\OPENGL32.dll
0x000007fef1510000 - 0x000007fef153d000 	C:\Windows\system32\GLU32.dll
0x000007fef2680000 - 0x000007fef2771000 	C:\Windows\system32\DDRAW.dll
0x000007fef25f0000 - 0x000007fef25f8000 	C:\Windows\system32\DCIMAN32.dll
0x000007fefcce0000 - 0x000007fefceb7000 	C:\Windows\system32\SETUPAPI.dll
0x000007fefcc10000 - 0x000007fefcc46000 	C:\Windows\system32\CFGMGR32.dll
0x000007fefc9c0000 - 0x000007fefc9da000 	C:\Windows\system32\DEVOBJ.dll
0x0000000059c90000 - 0x000000005ab36000 	C:\Windows\system32\atio6axx.dll
0x0000000055240000 - 0x0000000055282000 	C:\Windows\system32\atiadlxx.dll
0x000007fefcc50000 - 0x000007fefcc8a000 	C:\Windows\system32\WINTRUST.dll
0x000007fefca90000 - 0x000007fefcbfc000 	C:\Windows\system32\CRYPT32.dll
0x000007fefc930000 - 0x000007fefc93f000 	C:\Windows\system32\MSASN1.dll
0x000007fef6ce0000 - 0x000007fef6d7c000 	C:\Windows\system32\mscms.dll
0x000007fefccc0000 - 0x000007fefccde000 	C:\Windows\system32\USERENV.dll
0x000007feee510000 - 0x000007feee552000 	C:\Windows\system32\icm32.dll
0x000007fef7e70000 - 0x000007fef7f95000 	C:\Windows\system32\dbghelp.dll

VM Arguments:
jvm_args: -Dfile.encoding=UTF-8 -Djava.library.path=C:\Users\OJizzle\Desktop\lwjgl\lwjgl-2.9.1\native\windows 
java_command: MainJFrame
java_class_path (initial): C:\Users\OJizzle\Desktop\lwjgl\lwjgl-2.9.1\jar\jinput.jar;C:\Users\OJizzle\Desktop\lwjgl\lwjgl-2.9.1\jar\lwjgl.jar;C:\Users\OJizzle\Desktop\lwjgl\lwjgl-2.9.1\jar\lwjgl_test.jar;C:\Users\OJizzle\Desktop\lwjgl\lwjgl-2.9.1\jar\lwjgl_util.jar;C:\Users\OJizzle\Desktop\slick\lib\slick.jar;C:\Users\OJizzle\Documents\NetBeansProjects\Voxel Engine\build\classes
Launcher Type: SUN_STANDARD

Environment Variables:
CLASSPATH=.;C:\Program Files (x64)\Java\jre6\lib\ext\QTJava.zip;C:\Program Files (x86)\Java\jre6\lib\ext\QTJava.zip
PATH=C:\ProgramData\Oracle\Java\javapath;C:\Program Files\Common Files\Microsoft Shared\Windows Live;C:\Program Files (x86)\Common Files\Microsoft Shared\Windows Live;C:\Windows\system32;C:\Windows;C:\Windows\System32\Wbem;C:\Windows\System32\WindowsPowerShell\v1.0\;C:\Program Files (x86)\ATI Technologies\ATI.ACE\Core-Static;C:\Program Files (x86)\Windows Live\Shared;C:\Program Files (x86)\Microsoft SQL Server\100\Tools\Binn\;C:\Program Files\Microsoft SQL Server\100\Tools\Binn\;C:\Program Files\Microsoft SQL Server\100\DTS\Binn\;C:\Program Files (x86)\QuickTime\QTSystem\;C:\Program Files (x86)\Microsoft SQL Server\100\Tools\Binn\VSShell\Common7\IDE\;C:\Program Files (x86)\Microsoft SQL Server\100\DTS\Binn\;C:\Program Files\Microsoft SQL Server\110\Tools\Binn\;C:\Program Files (x86)\Microsoft SDKs\TypeScript\1.0\;C:\Program Files\Microsoft SQL Server\120\Tools\Binn\;C:\Program Files\Java\jdk1.6.0\bin
USERNAME=OJizzle
OS=Windows_NT
PROCESSOR_IDENTIFIER=AMD64 Family 17 Model 3 Stepping 1, AuthenticAMD



---------------  S Y S T E M  ---------------

OS: Windows 7 , 64 bit Build 7601 Service Pack 1

CPU:total 2 (2 cores per cpu, 1 threads per core) family 17 model 3 stepping 1, cmov, cx8, fxsr, mmx, sse, sse2, sse3, mmxext, 3dnowpref, tsc, tscinvbit

Memory: 4k page, physical 3407064k(554240k free), swap 4062912k(407412k free)

vm_info: Java HotSpot(TM) 64-Bit Server VM (25.25-b02) for windows-amd64 JRE (1.8.0_25-b18), built on Oct  7 2014 14:25:37 by "java_re" with MS VC++ 10.0 (VS2010)

time: Fri Jan 02 18:45:11 2015
elapsed time: 11 seconds (0d 0h 0m 11s)

